#! /c/Source/iverilog-install/bin/vvp
:ivl_version "12.0 (devel)" "(s20150603-1539-g2693dd32b)";
:ivl_delay_selection "TYPICAL";
:vpi_time_precision + 0;
:vpi_module "C:\Users\Grimes\Apps\iverilog\lib\ivl\system.vpi";
:vpi_module "C:\Users\Grimes\Apps\iverilog\lib\ivl\vhdl_sys.vpi";
:vpi_module "C:\Users\Grimes\Apps\iverilog\lib\ivl\vhdl_textio.vpi";
:vpi_module "C:\Users\Grimes\Apps\iverilog\lib\ivl\v2005_math.vpi";
:vpi_module "C:\Users\Grimes\Apps\iverilog\lib\ivl\va_math.vpi";
S_0000027f13e86ae0 .scope module, "sram" "sram" 2 1;
 .timescale 0 0;
    .port_info 0 /OUTPUT 16 "out";
    .port_info 1 /INPUT 16 "inp";
    .port_info 2 /INPUT 16 "addr";
    .port_info 3 /INPUT 1 "load";
o0000027f13f46fd8 .functor BUFZ 16, C4<zzzzzzzzzzzzzzzz>; HiZ drive
v0000027f13e87290_0 .net "addr", 15 0, o0000027f13f46fd8;  0 drivers
o0000027f13f47008 .functor BUFZ 16, C4<zzzzzzzzzzzzzzzz>; HiZ drive
v0000027f13e86c70_0 .net "inp", 15 0, o0000027f13f47008;  0 drivers
o0000027f13f47038 .functor BUFZ 1, C4<z>; HiZ drive
v0000027f13e86d10_0 .net "load", 0 0, o0000027f13f47038;  0 drivers
v0000027f13e86db0_0 .var "out", 15 0;
v0000027f13e86e50 .array "sramRegs", 0 511, 15 0;
E_0000027f13e88a20 .event posedge, v0000027f13e86d10_0;
    .scope S_0000027f13e86ae0;
T_0 ;
    %wait E_0000027f13e88a20;
    %load/vec4 v0000027f13e86d10_0;
    %flag_set/vec4 8;
    %jmp/0xz  T_0.0, 8;
    %load/vec4 v0000027f13e86c70_0;
    %ix/getv 3, v0000027f13e87290_0;
    %ix/load 4, 0, 0; Constant delay
    %assign/vec4/a/d v0000027f13e86e50, 0, 4;
    %jmp T_0.1;
T_0.0 ;
    %ix/getv 4, v0000027f13e87290_0;
    %load/vec4a v0000027f13e86e50, 4;
    %assign/vec4 v0000027f13e86db0_0, 0;
T_0.1 ;
    %jmp T_0;
    .thread T_0;
# The file index is used to find the file name in the following table.
:file_names 3;
    "N/A";
    "<interactive>";
    "src\mmu\sram.v";
